app/build/intermediates/proguard-rules/release/aapt_rules.txt
# Referenced at merged_manifests\release\AndroidManifest.xml:18
-keep class androidx.core.app.CoreComponentFactory { <init>(); }
# Referenced at merged_manifests\release\AndroidManifest.xml:86
-keep class com.example.admin.data.Homepage.Developers { <init>(); }
# Referenced at merged_manifests\release\AndroidManifest.xml:27
-keep class com.example.admin.data.Homepage.DynamicFragments.College_Details { <init>(); }
# Referenced at merged_manifests\release\AndroidManifest.xml:30
-keep class com.example.admin.data.Homepage.DynamicFragments.Dynamic_Cutoff_Result { <init>(); }
# Referenced at merged_manifests\release\AndroidManifest.xml:29
-keep class com.example.admin.data.Homepage.DynamicFragments.SelectBranches { <init>(); }
# Referenced at merged_manifests\release\AndroidManifest.xml:28
-keep class com.example.admin.data.Homepage.DynamicFragments.SelectColleges { <init>(); }
# Referenced at merged_manifests\release\AndroidManifest.xml:31
-keep class com.example.admin.data.Homepage.Dynamic_Class_For_Bottom_Navigation { <init>(); }
# Referenced at merged_manifests\release\AndroidManifest.xml:61
-keep class com.example.admin.data.Homepage.Eamcet { <init>(); }
# Referenced at merged_manifests\release\AndroidManifest.xml:76
-keep class com.example.admin.data.Homepage.Ecet { <init>(); }
# Referenced at merged_manifests\release\AndroidManifest.xml:90
-keep class com.example.admin.data.Homepage.Feedback { <init>(); }
# Referenced at merged_manifests\release\AndroidManifest.xml:71
-keep class com.example.admin.data.Homepage.Icet { <init>(); }
# Referenced at merged_manifests\release\AndroidManifest.xml:118
-keep class com.example.admin.data.Homepage.Login { <init>(); }
# Referenced at merged_manifests\release\AndroidManifest.xml:56
-keep class com.example.admin.data.Homepage.MainActivity { <init>(); }
# Referenced at merged_manifests\release\AndroidManifest.xml:37
-keep class com.example.admin.data.Homepage.Nit { <init>(); }
# Referenced at merged_manifests\release\AndroidManifest.xml:81
-keep class com.example.admin.data.Homepage.Pgcet { <init>(); }
# Referenced at merged_manifests\release\AndroidManifest.xml:66
-keep class com.example.admin.data.Homepage.Polycet { <init>(); }
# Referenced at merged_manifests\release\AndroidManifest.xml:123
-keep class com.example.admin.data.Homepage.Register { <init>(); }
# Referenced at merged_manifests\release\AndroidManifest.xml:46
-keep class com.example.admin.data.Homepage.SplashScreen { <init>(); }
# Referenced at merged_manifests\release\AndroidManifest.xml:127
-keep class com.example.admin.data.Homepage.Survey { <init>(); }
# Referenced at merged_manifests\release\AndroidManifest.xml:131
-keep class com.example.admin.data.Homepage.SurveyViewDetails { <init>(); }
# Referenced at merged_manifests\release\AndroidManifest.xml:94
-keep class com.example.admin.data.Homepage.Websites { <init>(); }
# Referenced at merged_manifests\release\AndroidManifest.xml:114
-keep class com.example.admin.data.examEamcet.Cutoff_Select_Colleges { <init>(); }
# Referenced at merged_manifests\release\AndroidManifest.xml:106
-keep class com.example.admin.data.examEamcet.Eamcet_Colleges_Details { <init>(); }
# Referenced at merged_manifests\release\AndroidManifest.xml:98
-keep class com.example.admin.data.examEamcet.Eamcet_Cutoff_Result { <init>(); }
# Referenced at merged_manifests\release\AndroidManifest.xml:163
-keep class com.example.admin.data.examEamcet.Emcet_Statastics_Graphs { <init>(); }
# Referenced at merged_manifests\release\AndroidManifest.xml:110
-keep class com.example.admin.data.examEamcet.Select { <init>(); }
# Referenced at merged_manifests\release\AndroidManifest.xml:175
-keep class com.example.admin.data.examEcet.Cutoff_Select_Colleges_Ecet { <init>(); }
# Referenced at merged_manifests\release\AndroidManifest.xml:167
-keep class com.example.admin.data.examEcet.Ecet_Colleges_Details { <init>(); }
# Referenced at merged_manifests\release\AndroidManifest.xml:179
-keep class com.example.admin.data.examEcet.Ecet_Cutoff_Result { <init>(); }
# Referenced at merged_manifests\release\AndroidManifest.xml:36
-keep class com.example.admin.data.examEcet.Ecet_Statastics_Graphs { <init>(); }
# Referenced at merged_manifests\release\AndroidManifest.xml:171
-keep class com.example.admin.data.examEcet.SelectBranchesEcet { <init>(); }
# Referenced at merged_manifests\release\AndroidManifest.xml:155
-keep class com.example.admin.data.examPgecet.Cutoff_Select_Colleges_Pgcet { <init>(); }
# Referenced at merged_manifests\release\AndroidManifest.xml:102
-keep class com.example.admin.data.examPgecet.Pgcet_Colleges_Details { <init>(); }
# Referenced at merged_manifests\release\AndroidManifest.xml:159
-keep class com.example.admin.data.examPgecet.Pgcet_Cutoff_Result { <init>(); }
# Referenced at merged_manifests\release\AndroidManifest.xml:35
-keep class com.example.admin.data.examPgecet.Pgcet_Statastics_Graphs { <init>(); }
# Referenced at merged_manifests\release\AndroidManifest.xml:151
-keep class com.example.admin.data.examPgecet.SelectBranchesPgcet { <init>(); }
# Referenced at merged_manifests\release\AndroidManifest.xml:143
-keep class com.example.admin.data.examPolycet.Cutoff_Select_Colleges_Polycet { <init>(); }
# Referenced at merged_manifests\release\AndroidManifest.xml:135
-keep class com.example.admin.data.examPolycet.Polcet_Colleges_Details { <init>(); }
# Referenced at merged_manifests\release\AndroidManifest.xml:147
-keep class com.example.admin.data.examPolycet.Polycet_Cutoff_Result { <init>(); }
# Referenced at merged_manifests\release\AndroidManifest.xml:34
-keep class com.example.admin.data.examPolycet.Polycet_Statastics_Graphs { <init>(); }
# Referenced at merged_manifests\release\AndroidManifest.xml:139
-keep class com.example.admin.data.examPolycet.SelectBranchesPolycet { <init>(); }
# Referenced at merged_manifests\release\AndroidManifest.xml:280
-keep class com.google.android.datatransport.runtime.backends.TransportBackendDiscovery { <init>(); }
# Referenced at merged_manifests\release\AndroidManifest.xml:293
-keep class com.google.android.datatransport.runtime.scheduling.jobscheduling.AlarmManagerSchedulerBroadcastReceiver { <init>(); }
# Referenced at merged_manifests\release\AndroidManifest.xml:287
-keep class com.google.android.datatransport.runtime.scheduling.jobscheduling.JobInfoSchedulerService { <init>(); }
# Referenced at merged_manifests\release\AndroidManifest.xml:244
-keep class com.google.android.gms.ads.AdActivity { <init>(); }
# Referenced at merged_manifests\release\AndroidManifest.xml:250
-keep class com.google.android.gms.ads.MobileAdsInitProvider { <init>(); }
# Referenced at merged_manifests\release\AndroidManifest.xml:271
-keep class com.google.android.gms.common.api.GoogleApiActivity { <init>(); }
# Referenced at merged_manifests\release\AndroidManifest.xml:225
-keep class com.google.android.gms.measurement.AppMeasurementInstallReferrerReceiver { <init>(); }
# Referenced at merged_manifests\release\AndroidManifest.xml:239
-keep class com.google.android.gms.measurement.AppMeasurementJobService { <init>(); }
# Referenced at merged_manifests\release\AndroidManifest.xml:220
-keep class com.google.android.gms.measurement.AppMeasurementReceiver { <init>(); }
# Referenced at merged_manifests\release\AndroidManifest.xml:235
-keep class com.google.android.gms.measurement.AppMeasurementService { <init>(); }
# Referenced at merged_manifests\release\AndroidManifest.xml:194
-keep class com.google.firebase.components.ComponentDiscoveryService { <init>(); }
# Referenced at merged_manifests\release\AndroidManifest.xml:256
-keep class com.google.firebase.iid.FirebaseInstanceIdReceiver { <init>(); }
# Referenced at merged_manifests\release\AndroidManifest.xml:187
-keep class com.google.firebase.messaging.FirebaseMessagingService { <init>(); }
# Referenced at merged_manifests\release\AndroidManifest.xml:265
-keep class com.google.firebase.provider.FirebaseInitProvider { <init>(); }
# Referenced at merged_manifests\release\AndroidManifest.xml:215
-keep class com.squareup.picasso.PicassoProvider { <init>(); }
# Referenced at res\layout-watch-v20\abc_alert_dialog_title_material.xml:53
# Referenced at res\layout\mtrl_alert_dialog_title.xml:41
# Referenced at res\layout\mtrl_alert_dialog_actions.xml:45
# Referenced at res\layout\mtrl_alert_dialog.xml:51
# Referenced at res\layout\abc_alert_dialog_title_material.xml:57
# Referenced at res\layout\abc_alert_dialog_material.xml:52
# Referenced at res\layout\abc_alert_dialog_button_bar_material.xml:43
-keep class android.widget.Space { <init>(...); }

# Referenced at res\layout\abc_select_dialog_material.xml:23
-keep class androidx.appcompat.app.AlertController$RecycleListView { <init>(...); }

# Referenced at res\layout\abc_action_menu_item_layout.xml:17
-keep class androidx.appcompat.view.menu.ActionMenuItemView { <init>(...); }

# Referenced at res\layout\abc_expanded_menu_layout.xml:17
-keep class androidx.appcompat.view.menu.ExpandedMenuView { <init>(...); }

# Referenced at res\layout\abc_popup_menu_item_layout.xml:17
# Referenced at res\layout\abc_list_menu_item_layout.xml:17
# Referenced at res\layout\abc_cascading_menu_item_layout.xml:20
-keep class androidx.appcompat.view.menu.ListMenuItemView { <init>(...); }

# Referenced at res\layout\abc_screen_toolbar.xml:27
-keep class androidx.appcompat.widget.ActionBarContainer { <init>(...); }

# Referenced at res\layout\abc_screen_toolbar.xml:43
# Referenced at res\layout\abc_action_mode_bar.xml:19
-keep class androidx.appcompat.widget.ActionBarContextView { <init>(...); }

# Referenced at res\layout\abc_screen_toolbar.xml:17
-keep class androidx.appcompat.widget.ActionBarOverlayLayout { <init>(...); }

# Referenced at res\layout\abc_action_menu_layout.xml:17
-keep class androidx.appcompat.widget.ActionMenuView { <init>(...); }

# Referenced at res\layout\abc_activity_chooser_view.xml:19
-keep class androidx.appcompat.widget.ActivityChooserView$InnerLayout { <init>(...); }

# Referenced at res\layout\mtrl_alert_dialog.xml:17
# Referenced at res\layout\abc_alert_dialog_material.xml:18
-keep class androidx.appcompat.widget.AlertDialogLayout { <init>(...); }

# Referenced at res\layout\mtrl_alert_dialog_actions.xml:26
# Referenced at res\layout\abc_alert_dialog_button_bar_material.xml:26
-keep class androidx.appcompat.widget.ButtonBarLayout { <init>(...); }

# Referenced at res\layout\abc_screen_content_include.xml:19
-keep class androidx.appcompat.widget.ContentFrameLayout { <init>(...); }

# Referenced at res\layout\mtrl_alert_dialog_title.xml:36
# Referenced at res\layout\abc_alert_dialog_title_material.xml:45
-keep class androidx.appcompat.widget.DialogTitle { <init>(...); }

# Referenced at res\layout\abc_screen_simple_overlay_action_mode.xml:23
-keep class androidx.appcompat.widget.FitWindowsFrameLayout { <init>(...); }

# Referenced at res\layout\abc_screen_simple.xml:17
# Referenced at res\layout\abc_dialog_title_material.xml:22
-keep class androidx.appcompat.widget.FitWindowsLinearLayout { <init>(...); }

# Referenced at res\layout\abc_search_view.xml:75
-keep class androidx.appcompat.widget.SearchView$SearchAutoComplete { <init>(...); }

# Referenced at res\layout\activity_login.xml:14
# Referenced at res\layout\abc_screen_toolbar.xml:36
-keep class androidx.appcompat.widget.Toolbar { <init>(...); }

# Referenced at res\layout\abc_screen_simple_overlay_action_mode.xml:32
# Referenced at res\layout\abc_screen_simple.xml:25
-keep class androidx.appcompat.widget.ViewStubCompat { <init>(...); }

# Referenced at res\layout\browser_actions_context_menu_page.xml:5
-keep class androidx.browser.browseractions.BrowserActionsFallbackMenuView { <init>(...); }

# Referenced at res\layout\seat_pgcetcolleges.xml:11
# Referenced at res\layout\seat_colleges.xml:8
# Referenced at res\layout\recycle_statastics.xml:11
# Referenced at res\layout\fragment_fragment__branches__pgcet.xml:34
# Referenced at res\layout\activity_survey_view_details.xml:10
# Referenced at res\layout\activity_survey.xml:24
# Referenced at res\layout\activity_select_colleges.xml:20
# Referenced at res\layout\activity_reporting_centers_card.xml:7
# Referenced at res\layout\activity_polycet__cutoff__result.xml:46
# Referenced at res\layout\activity_pgcet__cutoff__result.xml:46
# Referenced at res\layout\activity_nit.xml:156
# Referenced at res\layout\activity_icet.xml:43
# Referenced at res\layout\activity_ecet__cutoff__result.xml:46
# Referenced at res\layout\activity_eamcet__cutoff__result.xml:46
# Referenced at res\layout\activity_dynamic__cutoff__result.xml:46
# Referenced at res\layout\activity_cutoff__select__colleges__polycet.xml:21
# Referenced at res\layout\activity_cutoff__select__colleges__pgcet.xml:20
# Referenced at res\layout\activity_cutoff__select__colleges__ecet.xml:20
# Referenced at res\layout\activity_cutoff__select__colleges.xml:20
-keep class androidx.cardview.widget.CardView { <init>(...); }

# Referenced at res\layout\recyclecolleges.xml:2
# Referenced at res\layout\recycle_select_colleges.xml:2
# Referenced at res\layout\recycle_select.xml:2
# Referenced at res\layout\recycle_cutoff.xml:2
# Referenced at res\layout\recycle_branches.xml:2
# Referenced at res\layout\fragment_fragment__cutoff_pgcet.xml:54
# Referenced at res\layout\fragment_fragment__cutoff__polycet.xml:54
# Referenced at res\layout\fragment_fragment__cutoff__ecet.xml:54
# Referenced at res\layout\fragment_fragment__cutoff.xml:54
# Referenced at res\layout\activity_websites.xml:2
# Referenced at res\layout\activity_splash_screen.xml:2
# Referenced at res\layout\activity_main.xml:29
# Referenced at res\layout-v11\activity_cutoff__eamcet.xml:29
-keep class androidx.constraintlayout.widget.ConstraintLayout { <init>(...); }

# Referenced at res\layout\design_bottom_sheet_dialog.xml:26
# Referenced at res\layout\activity_login.xml:2
-keep class androidx.coordinatorlayout.widget.CoordinatorLayout { <init>(...); }

# Referenced at res\layout\mtrl_alert_dialog.xml:40
# Referenced at res\layout\abc_alert_dialog_material.xml:41
-keep class androidx.core.widget.NestedScrollView { <init>(...); }

# Referenced at res\layout\mtrl_calendar_months.xml:18
# Referenced at res\layout\mtrl_calendar_horizontal.xml:29
# Referenced at res\layout\main.xml:25
# Referenced at res\layout\fragment_fragment__reportingcenters__polycet.xml:34
# Referenced at res\layout\fragment_fragment__reportingcenters__pgcet.xml:34
# Referenced at res\layout\fragment_fragment__reportingcenters__ecet.xml:34
# Referenced at res\layout\fragment_fragment__reportingcenters__eamcet.xml:34
# Referenced at res\layout\fragment_fragment__branches__polycet.xml:33
# Referenced at res\layout\fragment_fragment__branches__pgcet.xml:44
# Referenced at res\layout\fragment_fragment__branches__ecet.xml:33
# Referenced at res\layout\fragment_fragment__branches.xml:33
# Referenced at res\layout\fragment_fraagment__checklist__ecet__main.xml:34
# Referenced at res\layout\activity_websites.xml:21
# Referenced at res\layout\activity_survey_view_details.xml:28
# Referenced at res\layout\activity_select__colleges.xml:20
# Referenced at res\layout\activity_polycet__cutoff__result.xml:88
# Referenced at res\layout\activity_polcet__colleges__details.xml:45
# Referenced at res\layout\activity_pgcet__cutoff__result.xml:88
# Referenced at res\layout\activity_pgcet__colleges__details.xml:45
# Referenced at res\layout-v11\activity_nested_recycleview.xml:23
# Referenced at res\layout\activity_ecet__cutoff__result.xml:88
# Referenced at res\layout\activity_ecet__colleges__details.xml:45
# Referenced at res\layout\activity_eamcet__cutoff__result.xml:88
# Referenced at res\layout\activity_eamcet__colleges__details.xml:49
# Referenced at res\layout\activity_dynamic__cutoff__result.xml:88
# Referenced at res\layout\activity_developers.xml:54
# Referenced at res\layout\activity_college__details.xml:49
-keep class androidx.recyclerview.widget.RecyclerView { <init>(...); }

# Referenced at res\layout\fragment_fragment__statatics__polycet.xml:24
# Referenced at res\layout\fragment_fragment__statatics__pgcet.xml:24
# Referenced at res\layout\fragment_fragment__statatics__ecet.xml:24
# Referenced at res\layout\fragment_fragment__statatics.xml:24
# Referenced at res\layout\fragment_fragment__reportingcenters__polycet.xml:26
# Referenced at res\layout\fragment_fragment__reportingcenters__pgcet.xml:26
# Referenced at res\layout\fragment_fragment__reportingcenters__ecet.xml:26
# Referenced at res\layout\fragment_fragment__reportingcenters__eamcet.xml:26
# Referenced at res\layout\fragment_fragment__colleges__polycet.xml:26
# Referenced at res\layout\fragment_fragment__colleges__pgcet.xml:26
# Referenced at res\layout\fragment_fragment__colleges__ecet.xml:26
# Referenced at res\layout\fragment_fragment__colleges.xml:26
# Referenced at res\layout\fragment_fragment__branches__polycet.xml:25
# Referenced at res\layout\fragment_fragment__branches__pgcet.xml:25
# Referenced at res\layout\fragment_fragment__branches__ecet.xml:25
# Referenced at res\layout\fragment_fragment__branches.xml:25
# Referenced at res\layout\fragment_fraagment__checklist__ecet__main.xml:26
# Referenced at res\layout\activity_select_colleges.xml:36
# Referenced at res\layout\activity_select__colleges.xml:15
# Referenced at res\layout\activity_polycet__cutoff__result.xml:9
# Referenced at res\layout\activity_pgcet__cutoff__result.xml:9
# Referenced at res\layout\activity_ecet__cutoff__result.xml:9
# Referenced at res\layout\activity_eamcet__cutoff__result.xml:9
# Referenced at res\layout\activity_dynamic__cutoff__result.xml:9
# Referenced at res\layout\activity_cutoff__select__colleges__polycet.xml:36
# Referenced at res\layout\activity_cutoff__select__colleges__pgcet.xml:36
# Referenced at res\layout\activity_cutoff__select__colleges__ecet.xml:36
# Referenced at res\layout\activity_cutoff__select__colleges.xml:36
-keep class androidx.swiperefreshlayout.widget.SwipeRefreshLayout { <init>(...); }

# Referenced at res\layout\fragment_fragment__checklist__polycet.xml:37
# Referenced at res\layout\fragment_fragment__checklist__pgcet.xml:37
# Referenced at res\layout\fragment_fragment__checklist__ecet.xml:37
# Referenced at res\layout\fragment_fragment__checklist.xml:37
# Referenced at res\layout\activity_polcet__colleges__details.xml:81
# Referenced at res\layout\activity_pgcet__colleges__details.xml:83
# Referenced at res\layout\activity_ecet__colleges__details.xml:80
# Referenced at res\layout\activity_eamcet__colleges__details.xml:88
# Referenced at res\layout\activity_college__details.xml:88
-keep class androidx.viewpager.widget.ViewPager { <init>(...); }

# Referenced at res\layout\fragment_fragment__statatics__polycet.xml:92
# Referenced at res\layout\fragment_fragment__statatics__pgcet.xml:93
# Referenced at res\layout\fragment_fragment__statatics__ecet.xml:93
# Referenced at res\layout\fragment_fragment__statatics.xml:92
# Referenced at res\layout\fragment_fragment__colleges__polycet.xml:65
# Referenced at res\layout\fragment_fragment__colleges__pgcet.xml:65
# Referenced at res\layout\fragment_fragment__colleges__ecet.xml:65
# Referenced at res\layout\fragment_fragment__colleges.xml:65
# Referenced at res\layout\activity_select_colleges.xml:41
# Referenced at res\layout\activity_select_branches_polycet.xml:10
# Referenced at res\layout\activity_select_branches_pgcet.xml:10
# Referenced at res\layout\activity_select_branches_ecet.xml:10
# Referenced at res\layout\activity_select_branches.xml:10
# Referenced at res\layout\activity_cutoff__select__colleges__polycet.xml:41
# Referenced at res\layout\activity_cutoff__select__colleges__pgcet.xml:41
# Referenced at res\layout\activity_cutoff__select__colleges__ecet.xml:41
# Referenced at res\layout\activity_cutoff__select__colleges.xml:41
-keep class com.example.admin.data.FastScroll.FastScrollRecyclerView { <init>(...); }

# Referenced at res\layout\activity_polycet.xml:22
# Referenced at res\layout\activity_pgcet.xml:22