app/build/outputs/mapping/release/mapping.txt
# compiler: R8
# compiler_version: 1.5.69
# min_api: 21
# pg_map_id: 189c744
com.example.admin.data.FastScroll.FastScrollRecyclerView -> com.example.admin.data.FastScroll.FastScrollRecyclerView:
    int indWidth -> l
    java.lang.String section -> i
    int indHeight -> m
    android.content.Context ctx -> b
    float sy -> h
    float sx -> g
    boolean showLetter -> j
    float scaledHeight -> e
    float scaledWidth -> d
    java.lang.String[] sections -> f
    android.os.Handler listHandler -> k
    boolean setupThings -> c
    void setupThings() -> a
com.example.admin.data.FastScroll.FastScrollRecyclerView$1 -> com.example.admin.data.FastScroll.FastScrollRecyclerView$a:
com.example.admin.data.FastScroll.FastScrollRecyclerView$ListHandler -> com.example.admin.data.FastScroll.FastScrollRecyclerView$b:
    com.example.admin.data.FastScroll.FastScrollRecyclerView this$0 -> a
com.example.admin.data.FastScroll.FastScrollRecyclerViewInterface -> com.example.admin.data.FastScroll.a:
    java.util.HashMap getMapIndex() -> a
com.example.admin.data.FastScroll.FastScrollRecyclerViewItemDecoration -> com.example.admin.data.FastScroll.b:
    android.content.Context mContext -> a
    void onDrawOver(android.graphics.Canvas,androidx.recyclerview.widget.RecyclerView,androidx.recyclerview.widget.RecyclerView$State) -> b
com.example.admin.data.FragmentsExams.EAMCET.Adapter.BottomPagerAdapter -> com.example.admin.data.FragmentsExams.EAMCET.Adapter.a:
    java.util.List fragmentList -> f
    void addFrag(androidx.fragment.app.Fragment) -> a
    int getCount() -> a
    androidx.fragment.app.Fragment getItem(int) -> c
com.example.admin.data.FragmentsExams.EAMCET.Fragment_Branches -> c.a.a.a.a.a.a:
    android.widget.ProgressBar p -> b0
    retrofit2.Call call -> Y
    java.util.List bran -> Z
    androidx.swiperefreshlayout.widget.SwipeRefreshLayout r -> d0
    androidx.recyclerview.widget.RecyclerView recyclerView -> a0
    android.widget.TextView retry -> c0
    android.view.View onCreateView(android.view.LayoutInflater,android.view.ViewGroup,android.os.Bundle) -> a
    void start() -> l0
com.example.admin.data.FragmentsExams.EAMCET.Fragment_Branches$1 -> c.a.a.a.a.a.a$a:
    com.example.admin.data.FragmentsExams.EAMCET.Fragment_Branches this$0 -> a
    void onRefresh() -> a
com.example.admin.data.FragmentsExams.EAMCET.Fragment_Branches$1$1 -> c.a.a.a.a.a.a$a$a:
    com.example.admin.data.FragmentsExams.EAMCET.Fragment_Branches$1 this$1 -> b
com.example.admin.data.FragmentsExams.EAMCET.Fragment_Branches$2 -> c.a.a.a.a.a.a$b:
    android.view.animation.LayoutAnimationController val$controller -> a
    com.example.admin.data.FragmentsExams.EAMCET.Fragment_Branches this$0 -> b
    void onFailure(retrofit2.Call,java.lang.Throwable) -> a
    void onResponse(retrofit2.Call,retrofit2.Response) -> a
com.example.admin.data.FragmentsExams.EAMCET.Fragment_Checklist -> c.a.a.a.a.a.b:
    java.lang.String[] tabIcons -> b0
    com.example.admin.data.FragmentsExams.EAMCET.Fragment_Checklist$PageAdapter pageAdapter -> a0
    com.google.android.material.tabs.TabLayout tabLayout -> Y
    androidx.viewpager.widget.ViewPager viewPager -> Z
    java.lang.String[] access$000(com.example.admin.data.FragmentsExams.EAMCET.Fragment_Checklist) -> a
    android.view.View onCreateView(android.view.LayoutInflater,android.view.ViewGroup,android.os.Bundle) -> a
com.example.admin.data.FragmentsExams.EAMCET.Fragment_Checklist$PageAdapter -> c.a.a.a.a.a.b$a:
    com.example.admin.data.FragmentsExams.EAMCET.Fragment_Checklist this$0 -> f
    int getCount() -> a
    java.lang.CharSequence getPageTitle(int) -> a
    androidx.fragment.app.Fragment getItem(int) -> c
com.example.admin.data.FragmentsExams.EAMCET.Fragment_Checklist_Eamcet -> c.a.a.a.a.a.c:
    android.view.View onCreateView(android.view.LayoutInflater,android.view.ViewGroup,android.os.Bundle) -> a
...
com.google.android.gms.internal.measurement.zzaa -> c.c.b.b.d.e.b:
    java.lang.String zzd -> g
    java.lang.String zzc -> f
    android.content.Context zze -> h
    android.os.Bundle zzf -> i
    com.google.android.gms.internal.measurement.zzx zzg -> j
    void zza() -> a
com.google.android.gms.internal.measurement.zzac -> c.c.b.b.d.e.c:
    java.lang.String zzd -> g
    java.lang.String zzc -> f
    com.google.android.gms.internal.measurement.zzk zze -> h
    com.google.android.gms.internal.measurement.zzx zzf -> i
    void zza() -> a
    void zzb() -> b
com.google.android.gms.internal.measurement.zzae -> c.c.b.b.d.e.d:
    java.lang.String zzd -> g
    android.app.Activity zzc -> f
    java.lang.String zze -> h
    com.google.android.gms.internal.measurement.zzx zzf -> i
    void zza() -> a
com.google.android.gms.internal.measurement.zzah -> c.c.b.b.d.e.e:
    java.lang.String zzc -> f
    com.google.android.gms.internal.measurement.zzx zzd -> g
    void zza() -> a
com.google.android.gms.internal.measurement.zzak -> c.c.b.b.d.e.f:
    java.lang.String zzc -> f
    com.google.android.gms.internal.measurement.zzx zzd -> g
    void zza() -> a
com.google.android.gms.internal.measurement.zzal -> c.c.b.b.d.e.g:
    com.google.android.gms.internal.measurement.zzk zzc -> f
    com.google.android.gms.internal.measurement.zzx zzd -> g
    void zza() -> a
    void zzb() -> b
com.google.android.gms.internal.measurement.zzam -> c.c.b.b.d.e.h:
    com.google.android.gms.internal.measurement.zzk zzc -> f
    com.google.android.gms.internal.measurement.zzx zzd -> g
    void zza() -> a
    void zzb() -> b
com.google.android.gms.internal.measurement.zzan -> c.c.b.b.d.e.i:
    com.google.android.gms.internal.measurement.zzk zzc -> f
    com.google.android.gms.internal.measurement.zzx zzd -> g
    void zza() -> a
    void zzb() -> b
com.google.android.gms.internal.measurement.zzao -> c.c.b.b.d.e.j:
    com.google.android.gms.internal.measurement.zzk zzc -> f
    com.google.android.gms.internal.measurement.zzx zzd -> g
    void zza() -> a
    void zzb() -> b
com.google.android.gms.internal.measurement.zzap -> c.c.b.b.d.e.k:
    java.lang.String zzd -> g
    java.lang.String zzc -> f
    com.google.android.gms.internal.measurement.zzk zzf -> i
    boolean zze -> h
    com.google.android.gms.internal.measurement.zzx zzg -> j
    void zza() -> a
    void zzb() -> b
com.google.android.gms.internal.measurement.zzaq -> c.c.b.b.d.e.l:
    com.google.android.gms.internal.measurement.zzk zzc -> f
    com.google.android.gms.internal.measurement.zzx zzd -> g
    void zza() -> a
    void zzb() -> b
com.google.android.gms.internal.measurement.zzar -> c.c.b.b.d.e.m:
    com.google.android.gms.internal.measurement.zzk zzd -> g
    android.os.Bundle zzc -> f
    com.google.android.gms.internal.measurement.zzx zze -> h
    void zza() -> a
    void zzb() -> b
com.google.android.gms.internal.measurement.zzas -> c.c.b.b.d.e.n:
    java.lang.String zzd -> g
    java.lang.Object zzg -> j
    java.lang.Object zze -> h
    java.lang.Object zzf -> i
    int zzc -> f
    com.google.android.gms.internal.measurement.zzx zzh -> k
    void zza() -> a
com.google.android.gms.internal.measurement.zzau -> c.c.b.b.d.e.o:
    java.lang.String zzc -> f
    com.google.android.gms.internal.measurement.zzk zzd -> g
    com.google.android.gms.internal.measurement.zzx zze -> h
    void zza() -> a
    void zzb() -> b
com.google.android.gms.internal.measurement.zzay -> c.c.b.b.d.e.p:
    com.google.android.gms.internal.measurement.zzx zzd -> g
    boolean zzc -> f
    void zza() -> a
com.google.android.gms.internal.measurement.zzaz -> c.c.b.b.d.e.q:
    java.lang.String zzd -> g
    java.lang.String zzc -> f
    java.lang.Object zze -> h
    boolean zzf -> i
    com.google.android.gms.internal.measurement.zzx zzg -> j
    void zza() -> a